<?xml version="1.0" encoding="UTF-8"?>
<testsuite name="com.westernacher.internal.travelmanagement.TravelManagementApplicationTests" tests="1" skipped="0" failures="0" errors="0" timestamp="2019-05-02T08:12:51" hostname="WIN-0027" time="0.539">
  <properties/>
  <testcase name="contextLoads" classname="com.westernacher.internal.travelmanagement.TravelManagementApplicationTests" time="0.539"/>
  <system-out><![CDATA[13:42:44.837 [Test worker] DEBUG org.springframework.test.context.junit4.SpringJUnit4ClassRunner - SpringJUnit4ClassRunner constructor called with [class com.westernacher.internal.travelmanagement.TravelManagementApplicationTests]
13:42:44.856 [Test worker] DEBUG org.springframework.test.context.BootstrapUtils - Instantiating CacheAwareContextLoaderDelegate from class [org.springframework.test.context.cache.DefaultCacheAwareContextLoaderDelegate]
13:42:44.875 [Test worker] DEBUG org.springframework.test.context.BootstrapUtils - Instantiating BootstrapContext using constructor [public org.springframework.test.context.support.DefaultBootstrapContext(java.lang.Class,org.springframework.test.context.CacheAwareContextLoaderDelegate)]
13:42:44.921 [Test worker] DEBUG org.springframework.test.context.BootstrapUtils - Instantiating TestContextBootstrapper for test class [com.westernacher.internal.travelmanagement.TravelManagementApplicationTests] from class [org.springframework.boot.test.context.SpringBootTestContextBootstrapper]
13:42:44.944 [Test worker] INFO org.springframework.boot.test.context.SpringBootTestContextBootstrapper - Neither @ContextConfiguration nor @ContextHierarchy found for test class [com.westernacher.internal.travelmanagement.TravelManagementApplicationTests], using SpringBootContextLoader
13:42:44.952 [Test worker] DEBUG org.springframework.test.context.support.AbstractContextLoader - Did not detect default resource location for test class [com.westernacher.internal.travelmanagement.TravelManagementApplicationTests]: class path resource [com/westernacher/internal/travelmanagement/TravelManagementApplicationTests-context.xml] does not exist
13:42:44.953 [Test worker] DEBUG org.springframework.test.context.support.AbstractContextLoader - Did not detect default resource location for test class [com.westernacher.internal.travelmanagement.TravelManagementApplicationTests]: class path resource [com/westernacher/internal/travelmanagement/TravelManagementApplicationTestsContext.groovy] does not exist
13:42:44.953 [Test worker] INFO org.springframework.test.context.support.AbstractContextLoader - Could not detect default resource locations for test class [com.westernacher.internal.travelmanagement.TravelManagementApplicationTests]: no resource found for suffixes {-context.xml, Context.groovy}.
13:42:44.955 [Test worker] INFO org.springframework.test.context.support.AnnotationConfigContextLoaderUtils - Could not detect default configuration classes for test class [com.westernacher.internal.travelmanagement.TravelManagementApplicationTests]: TravelManagementApplicationTests does not declare any static, non-private, non-final, nested classes annotated with @Configuration.
13:42:45.034 [Test worker] DEBUG org.springframework.test.context.support.ActiveProfilesUtils - Could not find an 'annotation declaring class' for annotation type [org.springframework.test.context.ActiveProfiles] and class [com.westernacher.internal.travelmanagement.TravelManagementApplicationTests]
13:42:45.176 [Test worker] DEBUG org.springframework.context.annotation.ClassPathScanningCandidateComponentProvider - Identified candidate component class: file [C:\Projects\TravelManagement\travelmanagement-service\build\classes\java\main\com\westernacher\internal\travelmanagement\TravelManagementApplication.class]
13:42:45.179 [Test worker] INFO org.springframework.boot.test.context.SpringBootTestContextBootstrapper - Found @SpringBootConfiguration com.westernacher.internal.travelmanagement.TravelManagementApplication for test class com.westernacher.internal.travelmanagement.TravelManagementApplicationTests
13:42:45.356 [Test worker] DEBUG org.springframework.boot.test.context.SpringBootTestContextBootstrapper - @TestExecutionListeners is not present for class [com.westernacher.internal.travelmanagement.TravelManagementApplicationTests]: using defaults.
13:42:45.357 [Test worker] INFO org.springframework.boot.test.context.SpringBootTestContextBootstrapper - Loaded default TestExecutionListener class names from location [META-INF/spring.factories]: [org.springframework.boot.test.autoconfigure.restdocs.RestDocsTestExecutionListener, org.springframework.boot.test.autoconfigure.web.client.MockRestServiceServerResetTestExecutionListener, org.springframework.boot.test.autoconfigure.web.servlet.MockMvcPrintOnlyOnFailureTestExecutionListener, org.springframework.boot.test.autoconfigure.web.servlet.WebDriverTestExecutionListener, org.springframework.boot.test.mock.mockito.MockitoTestExecutionListener, org.springframework.boot.test.mock.mockito.ResetMocksTestExecutionListener, org.springframework.test.context.web.ServletTestExecutionListener, org.springframework.test.context.support.DirtiesContextBeforeModesTestExecutionListener, org.springframework.test.context.support.DependencyInjectionTestExecutionListener, org.springframework.test.context.support.DirtiesContextTestExecutionListener, org.springframework.test.context.transaction.TransactionalTestExecutionListener, org.springframework.test.context.jdbc.SqlScriptsTestExecutionListener]
13:42:45.388 [Test worker] INFO org.springframework.boot.test.context.SpringBootTestContextBootstrapper - Using TestExecutionListeners: [org.springframework.test.context.web.ServletTestExecutionListener@365c4b1a, org.springframework.test.context.support.DirtiesContextBeforeModesTestExecutionListener@5580cb1c, org.springframework.boot.test.mock.mockito.MockitoTestExecutionListener@ed6c12c, org.springframework.boot.test.autoconfigure.SpringBootDependencyInjectionTestExecutionListener@25532a22, org.springframework.test.context.support.DirtiesContextTestExecutionListener@7183b109, org.springframework.test.context.transaction.TransactionalTestExecutionListener@22885c0e, org.springframework.test.context.jdbc.SqlScriptsTestExecutionListener@1a6f26d2, org.springframework.boot.test.autoconfigure.restdocs.RestDocsTestExecutionListener@26d11d87, org.springframework.boot.test.autoconfigure.web.client.MockRestServiceServerResetTestExecutionListener@4a36fbad, org.springframework.boot.test.autoconfigure.web.servlet.MockMvcPrintOnlyOnFailureTestExecutionListener@2a3eb6c9, org.springframework.boot.test.autoconfigure.web.servlet.WebDriverTestExecutionListener@49045cea, org.springframework.boot.test.mock.mockito.ResetMocksTestExecutionListener@67174d68]
13:42:45.391 [Test worker] DEBUG org.springframework.test.annotation.ProfileValueUtils - Retrieved @ProfileValueSourceConfiguration [null] for test class [com.westernacher.internal.travelmanagement.TravelManagementApplicationTests]
13:42:45.392 [Test worker] DEBUG org.springframework.test.annotation.ProfileValueUtils - Retrieved ProfileValueSource type [class org.springframework.test.annotation.SystemProfileValueSource] for class [com.westernacher.internal.travelmanagement.TravelManagementApplicationTests]
13:42:45.393 [Test worker] DEBUG org.springframework.test.annotation.ProfileValueUtils - Retrieved @ProfileValueSourceConfiguration [null] for test class [com.westernacher.internal.travelmanagement.TravelManagementApplicationTests]
13:42:45.394 [Test worker] DEBUG org.springframework.test.annotation.ProfileValueUtils - Retrieved ProfileValueSource type [class org.springframework.test.annotation.SystemProfileValueSource] for class [com.westernacher.internal.travelmanagement.TravelManagementApplicationTests]
13:42:45.400 [Test worker] DEBUG org.springframework.test.context.support.AbstractDirtiesContextTestExecutionListener - Before test class: context [DefaultTestContext@5a1234d9 testClass = TravelManagementApplicationTests, testInstance = [null], testMethod = [null], testException = [null], mergedContextConfiguration = [WebMergedContextConfiguration@66d4b74f testClass = TravelManagementApplicationTests, locations = '{}', classes = '{class com.westernacher.internal.travelmanagement.TravelManagementApplication}', contextInitializerClasses = '[]', activeProfiles = '{}', propertySourceLocations = '{}', propertySourceProperties = '{org.springframework.boot.test.context.SpringBootTestContextBootstrapper=true}', contextCustomizers = set[org.springframework.boot.test.autoconfigure.properties.PropertyMappingContextCustomizer@0, org.springframework.boot.test.autoconfigure.web.servlet.WebDriverContextCustomizerFactory$Customizer@139b8a60, org.springframework.boot.test.context.filter.ExcludeFilterContextCustomizer@590e2e15, org.springframework.boot.test.json.DuplicateJsonObjectContextCustomizerFactory$DuplicateJsonObjectContextCustomizer@b8a398a, org.springframework.boot.test.mock.mockito.MockitoContextCustomizer@0, org.springframework.boot.test.web.client.TestRestTemplateContextCustomizer@566e2f9e], resourceBasePath = 'src/main/webapp', contextLoader = 'org.springframework.boot.test.context.SpringBootContextLoader', parent = [null]], attributes = map['org.springframework.test.context.web.ServletTestExecutionListener.activateListener' -> true]], class annotated with @DirtiesContext [false] with mode [null].
13:42:45.402 [Test worker] DEBUG org.springframework.test.annotation.ProfileValueUtils - Retrieved @ProfileValueSourceConfiguration [null] for test class [com.westernacher.internal.travelmanagement.TravelManagementApplicationTests]
13:42:45.402 [Test worker] DEBUG org.springframework.test.annotation.ProfileValueUtils - Retrieved ProfileValueSource type [class org.springframework.test.annotation.SystemProfileValueSource] for class [com.westernacher.internal.travelmanagement.TravelManagementApplicationTests]
13:42:45.432 [Test worker] DEBUG org.springframework.test.context.support.TestPropertySourceUtils - Adding inlined properties to environment: {spring.jmx.enabled=false, org.springframework.boot.test.context.SpringBootTestContextBootstrapper=true, server.port=-1}

  .   ____          _            __ _ _
 /\\ / ___'_ __ _ _(_)_ __  __ _ \ \ \ \
( ( )\___ | '_ | '_| | '_ \/ _` | \ \ \ \
 \\/  ___)| |_)| | | | | || (_| |  ) ) ) )
  '  |____| .__|_| |_|_| |_\__, | / / / /
 =========|_|==============|___/=/_/_/_/
 :: Spring Boot ::        (v2.1.2.RELEASE)

2019-05-02 13:42:45.756  INFO 15184 --- [    Test worker] c.w.i.t.TravelManagementApplicationTests : Starting TravelManagementApplicationTests on WIN-0027 with PID 15184 (started by Admin in C:\Projects\TravelManagement\travelmanagement-service)
2019-05-02 13:42:45.758  INFO 15184 --- [    Test worker] c.w.i.t.TravelManagementApplicationTests : No active profile set, falling back to default profiles: default
2019-05-02 13:42:46.924  INFO 15184 --- [    Test worker] .s.d.r.c.RepositoryConfigurationDelegate : Bootstrapping Spring Data repositories in DEFAULT mode.
2019-05-02 13:42:47.051  INFO 15184 --- [    Test worker] .s.d.r.c.RepositoryConfigurationDelegate : Finished Spring Data repository scanning in 122ms. Found 2 repository interfaces.
2019-05-02 13:42:49.007  INFO 15184 --- [    Test worker] org.mongodb.driver.cluster               : Cluster created with settings {hosts=[localhost:27017], mode=MULTIPLE, requiredClusterType=UNKNOWN, serverSelectionTimeout='30000 ms', maxWaitQueueSize=500}
2019-05-02 13:42:49.007  INFO 15184 --- [    Test worker] org.mongodb.driver.cluster               : Adding discovered server localhost:27017 to client view of cluster
2019-05-02 13:42:49.177  INFO 15184 --- [localhost:27017] org.mongodb.driver.connection            : Opened connection [connectionId{localValue:1, serverValue:3}] to localhost:27017
2019-05-02 13:42:49.184  INFO 15184 --- [localhost:27017] org.mongodb.driver.cluster               : Monitor thread successfully connected to server with description ServerDescription{address=localhost:27017, type=STANDALONE, state=CONNECTED, ok=true, version=ServerVersion{versionList=[4, 0, 4]}, minWireVersion=0, maxWireVersion=7, maxDocumentSize=16777216, logicalSessionTimeoutMinutes=30, roundTripTimeNanos=4027200}
2019-05-02 13:42:49.186  INFO 15184 --- [localhost:27017] org.mongodb.driver.cluster               : Discovered cluster type of STANDALONE
2019-05-02 13:42:50.540  INFO 15184 --- [    Test worker] o.s.s.concurrent.ThreadPoolTaskExecutor  : Initializing ExecutorService 'applicationTaskExecutor'
2019-05-02 13:42:51.097  INFO 15184 --- [    Test worker] c.w.i.t.TravelManagementApplicationTests : Started TravelManagementApplicationTests in 5.658 seconds (JVM running for 8.233)
]]></system-out>
  <system-err><![CDATA[]]></system-err>
</testsuite>
