<?xml version="1.0" encoding="UTF-8"?>
<testsuite name="com.westernacher.internal.travelmanagement.TravelManagementApplicationTests" tests="1" skipped="0" failures="0" errors="0" timestamp="2019-05-23T09:58:39" hostname="WIN-0027" time="0.254">
  <properties/>
  <testcase name="contextLoads" classname="com.westernacher.internal.travelmanagement.TravelManagementApplicationTests" time="0.254"/>
  <system-out><![CDATA[15:28:32.251 [Test worker] DEBUG org.springframework.test.context.junit4.SpringJUnit4ClassRunner - SpringJUnit4ClassRunner constructor called with [class com.westernacher.internal.travelmanagement.TravelManagementApplicationTests]
15:28:32.263 [Test worker] DEBUG org.springframework.test.context.BootstrapUtils - Instantiating CacheAwareContextLoaderDelegate from class [org.springframework.test.context.cache.DefaultCacheAwareContextLoaderDelegate]
15:28:32.275 [Test worker] DEBUG org.springframework.test.context.BootstrapUtils - Instantiating BootstrapContext using constructor [public org.springframework.test.context.support.DefaultBootstrapContext(java.lang.Class,org.springframework.test.context.CacheAwareContextLoaderDelegate)]
15:28:32.305 [Test worker] DEBUG org.springframework.test.context.BootstrapUtils - Instantiating TestContextBootstrapper for test class [com.westernacher.internal.travelmanagement.TravelManagementApplicationTests] from class [org.springframework.boot.test.context.SpringBootTestContextBootstrapper]
15:28:32.325 [Test worker] INFO org.springframework.boot.test.context.SpringBootTestContextBootstrapper - Neither @ContextConfiguration nor @ContextHierarchy found for test class [com.westernacher.internal.travelmanagement.TravelManagementApplicationTests], using SpringBootContextLoader
15:28:32.330 [Test worker] DEBUG org.springframework.test.context.support.AbstractContextLoader - Did not detect default resource location for test class [com.westernacher.internal.travelmanagement.TravelManagementApplicationTests]: class path resource [com/westernacher/internal/travelmanagement/TravelManagementApplicationTests-context.xml] does not exist
15:28:32.331 [Test worker] DEBUG org.springframework.test.context.support.AbstractContextLoader - Did not detect default resource location for test class [com.westernacher.internal.travelmanagement.TravelManagementApplicationTests]: class path resource [com/westernacher/internal/travelmanagement/TravelManagementApplicationTestsContext.groovy] does not exist
15:28:32.331 [Test worker] INFO org.springframework.test.context.support.AbstractContextLoader - Could not detect default resource locations for test class [com.westernacher.internal.travelmanagement.TravelManagementApplicationTests]: no resource found for suffixes {-context.xml, Context.groovy}.
15:28:32.332 [Test worker] INFO org.springframework.test.context.support.AnnotationConfigContextLoaderUtils - Could not detect default configuration classes for test class [com.westernacher.internal.travelmanagement.TravelManagementApplicationTests]: TravelManagementApplicationTests does not declare any static, non-private, non-final, nested classes annotated with @Configuration.
15:28:32.411 [Test worker] DEBUG org.springframework.test.context.support.ActiveProfilesUtils - Could not find an 'annotation declaring class' for annotation type [org.springframework.test.context.ActiveProfiles] and class [com.westernacher.internal.travelmanagement.TravelManagementApplicationTests]
15:28:32.551 [Test worker] DEBUG org.springframework.context.annotation.ClassPathScanningCandidateComponentProvider - Identified candidate component class: file [C:\Projects\TravelManagement\travelmanagement-service\build\classes\java\main\com\westernacher\internal\travelmanagement\TravelManagementApplication.class]
15:28:32.555 [Test worker] INFO org.springframework.boot.test.context.SpringBootTestContextBootstrapper - Found @SpringBootConfiguration com.westernacher.internal.travelmanagement.TravelManagementApplication for test class com.westernacher.internal.travelmanagement.TravelManagementApplicationTests
15:28:32.687 [Test worker] DEBUG org.springframework.boot.test.context.SpringBootTestContextBootstrapper - @TestExecutionListeners is not present for class [com.westernacher.internal.travelmanagement.TravelManagementApplicationTests]: using defaults.
15:28:32.688 [Test worker] INFO org.springframework.boot.test.context.SpringBootTestContextBootstrapper - Loaded default TestExecutionListener class names from location [META-INF/spring.factories]: [org.springframework.boot.test.autoconfigure.restdocs.RestDocsTestExecutionListener, org.springframework.boot.test.autoconfigure.web.client.MockRestServiceServerResetTestExecutionListener, org.springframework.boot.test.autoconfigure.web.servlet.MockMvcPrintOnlyOnFailureTestExecutionListener, org.springframework.boot.test.autoconfigure.web.servlet.WebDriverTestExecutionListener, org.springframework.boot.test.mock.mockito.MockitoTestExecutionListener, org.springframework.boot.test.mock.mockito.ResetMocksTestExecutionListener, org.springframework.test.context.web.ServletTestExecutionListener, org.springframework.test.context.support.DirtiesContextBeforeModesTestExecutionListener, org.springframework.test.context.support.DependencyInjectionTestExecutionListener, org.springframework.test.context.support.DirtiesContextTestExecutionListener, org.springframework.test.context.transaction.TransactionalTestExecutionListener, org.springframework.test.context.jdbc.SqlScriptsTestExecutionListener]
15:28:32.712 [Test worker] INFO org.springframework.boot.test.context.SpringBootTestContextBootstrapper - Using TestExecutionListeners: [org.springframework.test.context.web.ServletTestExecutionListener@6578e668, org.springframework.test.context.support.DirtiesContextBeforeModesTestExecutionListener@ab623a4, org.springframework.boot.test.mock.mockito.MockitoTestExecutionListener@6e982e16, org.springframework.boot.test.autoconfigure.SpringBootDependencyInjectionTestExecutionListener@7eeeae8f, org.springframework.test.context.support.DirtiesContextTestExecutionListener@5c874c9c, org.springframework.test.context.transaction.TransactionalTestExecutionListener@6797efab, org.springframework.test.context.jdbc.SqlScriptsTestExecutionListener@485085d1, org.springframework.boot.test.autoconfigure.restdocs.RestDocsTestExecutionListener@43c1d082, org.springframework.boot.test.autoconfigure.web.client.MockRestServiceServerResetTestExecutionListener@254487ca, org.springframework.boot.test.autoconfigure.web.servlet.MockMvcPrintOnlyOnFailureTestExecutionListener@7df6ce7e, org.springframework.boot.test.autoconfigure.web.servlet.WebDriverTestExecutionListener@31c4a21c, org.springframework.boot.test.mock.mockito.ResetMocksTestExecutionListener@7c4c3166]
15:28:32.715 [Test worker] DEBUG org.springframework.test.annotation.ProfileValueUtils - Retrieved @ProfileValueSourceConfiguration [null] for test class [com.westernacher.internal.travelmanagement.TravelManagementApplicationTests]
15:28:32.716 [Test worker] DEBUG org.springframework.test.annotation.ProfileValueUtils - Retrieved ProfileValueSource type [class org.springframework.test.annotation.SystemProfileValueSource] for class [com.westernacher.internal.travelmanagement.TravelManagementApplicationTests]
15:28:32.717 [Test worker] DEBUG org.springframework.test.annotation.ProfileValueUtils - Retrieved @ProfileValueSourceConfiguration [null] for test class [com.westernacher.internal.travelmanagement.TravelManagementApplicationTests]
15:28:32.717 [Test worker] DEBUG org.springframework.test.annotation.ProfileValueUtils - Retrieved ProfileValueSource type [class org.springframework.test.annotation.SystemProfileValueSource] for class [com.westernacher.internal.travelmanagement.TravelManagementApplicationTests]
15:28:32.722 [Test worker] DEBUG org.springframework.test.context.support.AbstractDirtiesContextTestExecutionListener - Before test class: context [DefaultTestContext@63769086 testClass = TravelManagementApplicationTests, testInstance = [null], testMethod = [null], testException = [null], mergedContextConfiguration = [WebMergedContextConfiguration@37d3fa64 testClass = TravelManagementApplicationTests, locations = '{}', classes = '{class com.westernacher.internal.travelmanagement.TravelManagementApplication}', contextInitializerClasses = '[]', activeProfiles = '{}', propertySourceLocations = '{}', propertySourceProperties = '{org.springframework.boot.test.context.SpringBootTestContextBootstrapper=true}', contextCustomizers = set[org.springframework.boot.test.autoconfigure.properties.PropertyMappingContextCustomizer@0, org.springframework.boot.test.autoconfigure.web.servlet.WebDriverContextCustomizerFactory$Customizer@7a250e8e, org.springframework.boot.test.context.filter.ExcludeFilterContextCustomizer@604cfacb, org.springframework.boot.test.json.DuplicateJsonObjectContextCustomizerFactory$DuplicateJsonObjectContextCustomizer@1e820945, org.springframework.boot.test.mock.mockito.MockitoContextCustomizer@0, org.springframework.boot.test.web.client.TestRestTemplateContextCustomizer@1821ac49], resourceBasePath = 'src/main/webapp', contextLoader = 'org.springframework.boot.test.context.SpringBootContextLoader', parent = [null]], attributes = map['org.springframework.test.context.web.ServletTestExecutionListener.activateListener' -> true]], class annotated with @DirtiesContext [false] with mode [null].
15:28:32.723 [Test worker] DEBUG org.springframework.test.annotation.ProfileValueUtils - Retrieved @ProfileValueSourceConfiguration [null] for test class [com.westernacher.internal.travelmanagement.TravelManagementApplicationTests]
15:28:32.724 [Test worker] DEBUG org.springframework.test.annotation.ProfileValueUtils - Retrieved ProfileValueSource type [class org.springframework.test.annotation.SystemProfileValueSource] for class [com.westernacher.internal.travelmanagement.TravelManagementApplicationTests]
15:28:32.747 [Test worker] DEBUG org.springframework.test.context.support.TestPropertySourceUtils - Adding inlined properties to environment: {spring.jmx.enabled=false, org.springframework.boot.test.context.SpringBootTestContextBootstrapper=true, server.port=-1}

  .   ____          _            __ _ _
 /\\ / ___'_ __ _ _(_)_ __  __ _ \ \ \ \
( ( )\___ | '_ | '_| | '_ \/ _` | \ \ \ \
 \\/  ___)| |_)| | | | | || (_| |  ) ) ) )
  '  |____| .__|_| |_|_| |_\__, | / / / /
 =========|_|==============|___/=/_/_/_/
 :: Spring Boot ::        (v2.1.2.RELEASE)

2019-05-23 15:28:33.091  INFO 5916 --- [    Test worker] c.w.i.t.TravelManagementApplicationTests : Starting TravelManagementApplicationTests on WIN-0027 with PID 5916 (started by Admin in C:\Projects\TravelManagement\travelmanagement-service)
2019-05-23 15:28:33.092  INFO 5916 --- [    Test worker] c.w.i.t.TravelManagementApplicationTests : No active profile set, falling back to default profiles: default
2019-05-23 15:28:34.599  INFO 5916 --- [    Test worker] .s.d.r.c.RepositoryConfigurationDelegate : Bootstrapping Spring Data repositories in DEFAULT mode.
2019-05-23 15:28:34.705  INFO 5916 --- [    Test worker] .s.d.r.c.RepositoryConfigurationDelegate : Finished Spring Data repository scanning in 98ms. Found 3 repository interfaces.
2019-05-23 15:28:37.011  INFO 5916 --- [    Test worker] org.mongodb.driver.cluster               : Cluster created with settings {hosts=[localhost:27017], mode=MULTIPLE, requiredClusterType=UNKNOWN, serverSelectionTimeout='30000 ms', maxWaitQueueSize=500}
2019-05-23 15:28:37.011  INFO 5916 --- [    Test worker] org.mongodb.driver.cluster               : Adding discovered server localhost:27017 to client view of cluster
2019-05-23 15:28:37.095  INFO 5916 --- [localhost:27017] org.mongodb.driver.connection            : Opened connection [connectionId{localValue:1, serverValue:7}] to localhost:27017
2019-05-23 15:28:37.101  INFO 5916 --- [localhost:27017] org.mongodb.driver.cluster               : Monitor thread successfully connected to server with description ServerDescription{address=localhost:27017, type=STANDALONE, state=CONNECTED, ok=true, version=ServerVersion{versionList=[4, 0, 4]}, minWireVersion=0, maxWireVersion=7, maxDocumentSize=16777216, logicalSessionTimeoutMinutes=30, roundTripTimeNanos=4113701}
2019-05-23 15:28:37.103  INFO 5916 --- [localhost:27017] org.mongodb.driver.cluster               : Discovered cluster type of STANDALONE
2019-05-23 15:28:38.514  INFO 5916 --- [    Test worker] o.s.s.concurrent.ThreadPoolTaskExecutor  : Initializing ExecutorService 'applicationTaskExecutor'
2019-05-23 15:28:38.987  INFO 5916 --- [    Test worker] c.w.i.t.TravelManagementApplicationTests : Started TravelManagementApplicationTests in 6.229 seconds (JVM running for 9.849)
]]></system-out>
  <system-err><![CDATA[]]></system-err>
</testsuite>
