<?xml version="1.0" encoding="UTF-8"?>
<testsuite name="com.westernacher.internal.travelmanagement.TravelManagementApplicationTests" tests="1" skipped="0" failures="0" errors="0" timestamp="2019-05-02T04:52:10" hostname="WIN-0027" time="0.46">
  <properties/>
  <testcase name="contextLoads" classname="com.westernacher.internal.travelmanagement.TravelManagementApplicationTests" time="0.46"/>
  <system-out><![CDATA[10:22:02.778 [Test worker] DEBUG org.springframework.test.context.junit4.SpringJUnit4ClassRunner - SpringJUnit4ClassRunner constructor called with [class com.westernacher.internal.travelmanagement.TravelManagementApplicationTests]
10:22:02.790 [Test worker] DEBUG org.springframework.test.context.BootstrapUtils - Instantiating CacheAwareContextLoaderDelegate from class [org.springframework.test.context.cache.DefaultCacheAwareContextLoaderDelegate]
10:22:02.800 [Test worker] DEBUG org.springframework.test.context.BootstrapUtils - Instantiating BootstrapContext using constructor [public org.springframework.test.context.support.DefaultBootstrapContext(java.lang.Class,org.springframework.test.context.CacheAwareContextLoaderDelegate)]
10:22:02.819 [Test worker] DEBUG org.springframework.test.context.BootstrapUtils - Instantiating TestContextBootstrapper for test class [com.westernacher.internal.travelmanagement.TravelManagementApplicationTests] from class [org.springframework.boot.test.context.SpringBootTestContextBootstrapper]
10:22:02.836 [Test worker] INFO org.springframework.boot.test.context.SpringBootTestContextBootstrapper - Neither @ContextConfiguration nor @ContextHierarchy found for test class [com.westernacher.internal.travelmanagement.TravelManagementApplicationTests], using SpringBootContextLoader
10:22:02.839 [Test worker] DEBUG org.springframework.test.context.support.AbstractContextLoader - Did not detect default resource location for test class [com.westernacher.internal.travelmanagement.TravelManagementApplicationTests]: class path resource [com/westernacher/internal/travelmanagement/TravelManagementApplicationTests-context.xml] does not exist
10:22:02.840 [Test worker] DEBUG org.springframework.test.context.support.AbstractContextLoader - Did not detect default resource location for test class [com.westernacher.internal.travelmanagement.TravelManagementApplicationTests]: class path resource [com/westernacher/internal/travelmanagement/TravelManagementApplicationTestsContext.groovy] does not exist
10:22:02.840 [Test worker] INFO org.springframework.test.context.support.AbstractContextLoader - Could not detect default resource locations for test class [com.westernacher.internal.travelmanagement.TravelManagementApplicationTests]: no resource found for suffixes {-context.xml, Context.groovy}.
10:22:02.841 [Test worker] INFO org.springframework.test.context.support.AnnotationConfigContextLoaderUtils - Could not detect default configuration classes for test class [com.westernacher.internal.travelmanagement.TravelManagementApplicationTests]: TravelManagementApplicationTests does not declare any static, non-private, non-final, nested classes annotated with @Configuration.
10:22:02.902 [Test worker] DEBUG org.springframework.test.context.support.ActiveProfilesUtils - Could not find an 'annotation declaring class' for annotation type [org.springframework.test.context.ActiveProfiles] and class [com.westernacher.internal.travelmanagement.TravelManagementApplicationTests]
10:22:02.992 [Test worker] DEBUG org.springframework.context.annotation.ClassPathScanningCandidateComponentProvider - Identified candidate component class: file [C:\Projects\TravelManagement\travelmanagement-service\build\classes\java\main\com\westernacher\internal\travelmanagement\TravelManagementApplication.class]
10:22:02.994 [Test worker] INFO org.springframework.boot.test.context.SpringBootTestContextBootstrapper - Found @SpringBootConfiguration com.westernacher.internal.travelmanagement.TravelManagementApplication for test class com.westernacher.internal.travelmanagement.TravelManagementApplicationTests
10:22:03.100 [Test worker] DEBUG org.springframework.boot.test.context.SpringBootTestContextBootstrapper - @TestExecutionListeners is not present for class [com.westernacher.internal.travelmanagement.TravelManagementApplicationTests]: using defaults.
10:22:03.100 [Test worker] INFO org.springframework.boot.test.context.SpringBootTestContextBootstrapper - Loaded default TestExecutionListener class names from location [META-INF/spring.factories]: [org.springframework.boot.test.autoconfigure.restdocs.RestDocsTestExecutionListener, org.springframework.boot.test.autoconfigure.web.client.MockRestServiceServerResetTestExecutionListener, org.springframework.boot.test.autoconfigure.web.servlet.MockMvcPrintOnlyOnFailureTestExecutionListener, org.springframework.boot.test.autoconfigure.web.servlet.WebDriverTestExecutionListener, org.springframework.boot.test.mock.mockito.MockitoTestExecutionListener, org.springframework.boot.test.mock.mockito.ResetMocksTestExecutionListener, org.springframework.test.context.web.ServletTestExecutionListener, org.springframework.test.context.support.DirtiesContextBeforeModesTestExecutionListener, org.springframework.test.context.support.DependencyInjectionTestExecutionListener, org.springframework.test.context.support.DirtiesContextTestExecutionListener, org.springframework.test.context.transaction.TransactionalTestExecutionListener, org.springframework.test.context.jdbc.SqlScriptsTestExecutionListener]
10:22:03.124 [Test worker] INFO org.springframework.boot.test.context.SpringBootTestContextBootstrapper - Using TestExecutionListeners: [org.springframework.test.context.web.ServletTestExecutionListener@79591c8c, org.springframework.test.context.support.DirtiesContextBeforeModesTestExecutionListener@2d80fca9, org.springframework.boot.test.mock.mockito.MockitoTestExecutionListener@1bb6967c, org.springframework.boot.test.autoconfigure.SpringBootDependencyInjectionTestExecutionListener@71ebbec5, org.springframework.test.context.support.DirtiesContextTestExecutionListener@40e77108, org.springframework.test.context.transaction.TransactionalTestExecutionListener@6a28b809, org.springframework.test.context.jdbc.SqlScriptsTestExecutionListener@4582c646, org.springframework.boot.test.autoconfigure.restdocs.RestDocsTestExecutionListener@69b355a5, org.springframework.boot.test.autoconfigure.web.client.MockRestServiceServerResetTestExecutionListener@122716aa, org.springframework.boot.test.autoconfigure.web.servlet.MockMvcPrintOnlyOnFailureTestExecutionListener@3de00c17, org.springframework.boot.test.autoconfigure.web.servlet.WebDriverTestExecutionListener@6e834d1b, org.springframework.boot.test.mock.mockito.ResetMocksTestExecutionListener@1dee3313]
10:22:03.128 [Test worker] DEBUG org.springframework.test.annotation.ProfileValueUtils - Retrieved @ProfileValueSourceConfiguration [null] for test class [com.westernacher.internal.travelmanagement.TravelManagementApplicationTests]
10:22:03.129 [Test worker] DEBUG org.springframework.test.annotation.ProfileValueUtils - Retrieved ProfileValueSource type [class org.springframework.test.annotation.SystemProfileValueSource] for class [com.westernacher.internal.travelmanagement.TravelManagementApplicationTests]
10:22:03.130 [Test worker] DEBUG org.springframework.test.annotation.ProfileValueUtils - Retrieved @ProfileValueSourceConfiguration [null] for test class [com.westernacher.internal.travelmanagement.TravelManagementApplicationTests]
10:22:03.130 [Test worker] DEBUG org.springframework.test.annotation.ProfileValueUtils - Retrieved ProfileValueSource type [class org.springframework.test.annotation.SystemProfileValueSource] for class [com.westernacher.internal.travelmanagement.TravelManagementApplicationTests]
10:22:03.135 [Test worker] DEBUG org.springframework.test.context.support.AbstractDirtiesContextTestExecutionListener - Before test class: context [DefaultTestContext@195d60e5 testClass = TravelManagementApplicationTests, testInstance = [null], testMethod = [null], testException = [null], mergedContextConfiguration = [WebMergedContextConfiguration@4c0b04f testClass = TravelManagementApplicationTests, locations = '{}', classes = '{class com.westernacher.internal.travelmanagement.TravelManagementApplication}', contextInitializerClasses = '[]', activeProfiles = '{}', propertySourceLocations = '{}', propertySourceProperties = '{org.springframework.boot.test.context.SpringBootTestContextBootstrapper=true}', contextCustomizers = set[org.springframework.boot.test.autoconfigure.properties.PropertyMappingContextCustomizer@0, org.springframework.boot.test.autoconfigure.web.servlet.WebDriverContextCustomizerFactory$Customizer@1e9e2278, org.springframework.boot.test.context.filter.ExcludeFilterContextCustomizer@1761aa08, org.springframework.boot.test.json.DuplicateJsonObjectContextCustomizerFactory$DuplicateJsonObjectContextCustomizer@5ada3bdb, org.springframework.boot.test.mock.mockito.MockitoContextCustomizer@0, org.springframework.boot.test.web.client.TestRestTemplateContextCustomizer@43c059ed], resourceBasePath = 'src/main/webapp', contextLoader = 'org.springframework.boot.test.context.SpringBootContextLoader', parent = [null]], attributes = map['org.springframework.test.context.web.ServletTestExecutionListener.activateListener' -> true]], class annotated with @DirtiesContext [false] with mode [null].
10:22:03.135 [Test worker] DEBUG org.springframework.test.annotation.ProfileValueUtils - Retrieved @ProfileValueSourceConfiguration [null] for test class [com.westernacher.internal.travelmanagement.TravelManagementApplicationTests]
10:22:03.136 [Test worker] DEBUG org.springframework.test.annotation.ProfileValueUtils - Retrieved ProfileValueSource type [class org.springframework.test.annotation.SystemProfileValueSource] for class [com.westernacher.internal.travelmanagement.TravelManagementApplicationTests]
10:22:03.157 [Test worker] DEBUG org.springframework.test.context.support.TestPropertySourceUtils - Adding inlined properties to environment: {spring.jmx.enabled=false, org.springframework.boot.test.context.SpringBootTestContextBootstrapper=true, server.port=-1}

  .   ____          _            __ _ _
 /\\ / ___'_ __ _ _(_)_ __  __ _ \ \ \ \
( ( )\___ | '_ | '_| | '_ \/ _` | \ \ \ \
 \\/  ___)| |_)| | | | | || (_| |  ) ) ) )
  '  |____| .__|_| |_|_| |_\__, | / / / /
 =========|_|==============|___/=/_/_/_/
 :: Spring Boot ::        (v2.1.2.RELEASE)

2019-05-02 10:22:03.502  INFO 8560 --- [    Test worker] c.w.i.t.TravelManagementApplicationTests : Starting TravelManagementApplicationTests on WIN-0027 with PID 8560 (started by Admin in C:\Projects\TravelManagement\travelmanagement-service)
2019-05-02 10:22:03.504  INFO 8560 --- [    Test worker] c.w.i.t.TravelManagementApplicationTests : No active profile set, falling back to default profiles: default
2019-05-02 10:22:04.628  INFO 8560 --- [    Test worker] .s.d.r.c.RepositoryConfigurationDelegate : Bootstrapping Spring Data repositories in DEFAULT mode.
2019-05-02 10:22:04.741  INFO 8560 --- [    Test worker] .s.d.r.c.RepositoryConfigurationDelegate : Finished Spring Data repository scanning in 104ms. Found 2 repository interfaces.
2019-05-02 10:22:06.413  INFO 8560 --- [    Test worker] org.mongodb.driver.cluster               : Cluster created with settings {hosts=[localhost:27017], mode=MULTIPLE, requiredClusterType=UNKNOWN, serverSelectionTimeout='30000 ms', maxWaitQueueSize=500}
2019-05-02 10:22:06.413  INFO 8560 --- [    Test worker] org.mongodb.driver.cluster               : Adding discovered server localhost:27017 to client view of cluster
2019-05-02 10:22:08.928  INFO 8560 --- [localhost:27017] org.mongodb.driver.connection            : Opened connection [connectionId{localValue:1, serverValue:2}] to localhost:27017
2019-05-02 10:22:08.945  INFO 8560 --- [localhost:27017] org.mongodb.driver.cluster               : Monitor thread successfully connected to server with description ServerDescription{address=localhost:27017, type=STANDALONE, state=CONNECTED, ok=true, version=ServerVersion{versionList=[4, 0, 4]}, minWireVersion=0, maxWireVersion=7, maxDocumentSize=16777216, logicalSessionTimeoutMinutes=30, roundTripTimeNanos=12139000}
2019-05-02 10:22:08.950  INFO 8560 --- [localhost:27017] org.mongodb.driver.cluster               : Discovered cluster type of STANDALONE
2019-05-02 10:22:09.641  INFO 8560 --- [    Test worker] o.s.s.concurrent.ThreadPoolTaskExecutor  : Initializing ExecutorService 'applicationTaskExecutor'
2019-05-02 10:22:10.068  INFO 8560 --- [    Test worker] c.w.i.t.TravelManagementApplicationTests : Started TravelManagementApplicationTests in 6.9 seconds (JVM running for 8.671)
]]></system-out>
  <system-err><![CDATA[]]></system-err>
</testsuite>
